
  .   ____          _            __ _ _
 /\\ / ___'_ __ _ _(_)_ __  __ _ \ \ \ \
( ( )\___ | '_ | '_| | '_ \/ _` | \ \ \ \
 \\/  ___)| |_)| | | | | || (_| |  ) ) ) )
  '  |____| .__|_| |_|_| |_\__, | / / / /
 =========|_|==============|___/=/_/_/_/

 :: Spring Boot ::                (v3.4.0)

2025-12-04T13:32:35.410+01:00  INFO 141859 --- [air-quality-service] [           main] c.s.a.AirQualityServiceApplication       : Starting AirQualityServiceApplication v0.0.1-SNAPSHOT using Java 25 with PID 141859 (/mnt/data2/projet-soc/air-quality-service/target/air-quality-service-0.0.1-SNAPSHOT.jar started by mohamed in /mnt/data2/projet-soc)
2025-12-04T13:32:35.412+01:00  INFO 141859 --- [air-quality-service] [           main] c.s.a.AirQualityServiceApplication       : No active profile set, falling back to 1 default profile: "default"
2025-12-04T13:32:46.427+01:00  INFO 141859 --- [air-quality-service] [           main] .s.d.r.c.RepositoryConfigurationDelegate : Bootstrapping Spring Data JPA repositories in DEFAULT mode.
2025-12-04T13:32:46.744+01:00  INFO 141859 --- [air-quality-service] [           main] .s.d.r.c.RepositoryConfigurationDelegate : Finished Spring Data repository scanning in 75 ms. Found 0 JPA repository interfaces.
2025-12-04T13:32:48.178+01:00  WARN 141859 --- [air-quality-service] [           main] trationDelegate$BeanPostProcessorChecker : Bean 'webServiceConfig' of type [com.smartcity.air_quality_service.config.WebServiceConfig$$SpringCGLIB$$0] is not eligible for getting processed by all BeanPostProcessors (for example: not eligible for auto-proxying). Is this bean getting eagerly injected/applied to a currently created BeanPostProcessor [annotationActionEndpointMapping]? Check the corresponding BeanPostProcessor declaration and its dependencies/advisors. If this bean does not have to be post-processed, declare it with ROLE_INFRASTRUCTURE.
2025-12-04T13:32:48.179+01:00  WARN 141859 --- [air-quality-service] [           main] trationDelegate$BeanPostProcessorChecker : Bean 'org.springframework.ws.config.annotation.DelegatingWsConfiguration' of type [org.springframework.ws.config.annotation.DelegatingWsConfiguration$$SpringCGLIB$$0] is not eligible for getting processed by all BeanPostProcessors (for example: not eligible for auto-proxying). The currently created BeanPostProcessor [annotationActionEndpointMapping] is declared through a non-static factory method on that class; consider declaring it as static instead.
2025-12-04T13:32:50.058+01:00  INFO 141859 --- [air-quality-service] [           main] .w.s.a.s.AnnotationActionEndpointMapping : Supporting [WS-Addressing August 2004, WS-Addressing 1.0]
WARNING: A restricted method in java.lang.System has been called
WARNING: java.lang.System::load has been called by org.apache.tomcat.jni.Library in an unnamed module (jar:nested:/mnt/data2/projet-soc/air-quality-service/target/air-quality-service-0.0.1-SNAPSHOT.jar/!BOOT-INF/lib/tomcat-embed-core-10.1.33.jar!/)
WARNING: Use --enable-native-access=ALL-UNNAMED to avoid a warning for callers in this module
WARNING: Restricted methods will be blocked in a future release unless native access is enabled

2025-12-04T13:32:59.061+01:00  INFO 141859 --- [air-quality-service] [           main] o.s.b.w.embedded.tomcat.TomcatWebServer  : Tomcat initialized with port 8081 (http)
2025-12-04T13:32:59.497+01:00  INFO 141859 --- [air-quality-service] [           main] o.apache.catalina.core.StandardService   : Starting service [Tomcat]
2025-12-04T13:32:59.497+01:00  INFO 141859 --- [air-quality-service] [           main] o.apache.catalina.core.StandardEngine    : Starting Servlet engine: [Apache Tomcat/10.1.33]
2025-12-04T13:32:59.718+01:00  INFO 141859 --- [air-quality-service] [           main] o.a.c.c.C.[Tomcat].[localhost].[/]       : Initializing Spring embedded WebApplicationContext
2025-12-04T13:32:59.718+01:00  INFO 141859 --- [air-quality-service] [           main] w.s.c.ServletWebServerApplicationContext : Root WebApplicationContext: initialization completed in 23405 ms
2025-12-04T13:33:02.761+01:00  INFO 141859 --- [air-quality-service] [           main] o.hibernate.jpa.internal.util.LogHelper  : HHH000204: Processing PersistenceUnitInfo [name: default]
2025-12-04T13:33:03.743+01:00  INFO 141859 --- [air-quality-service] [           main] org.hibernate.Version                    : HHH000412: Hibernate ORM core version 6.6.2.Final
2025-12-04T13:33:03.981+01:00  INFO 141859 --- [air-quality-service] [           main] o.h.c.internal.RegionFactoryInitiator    : HHH000026: Second-level cache disabled
2025-12-04T13:33:06.095+01:00  INFO 141859 --- [air-quality-service] [           main] o.s.o.j.p.SpringPersistenceUnitInfo      : No LoadTimeWeaver setup: ignoring JPA class transformer
2025-12-04T13:33:06.215+01:00  INFO 141859 --- [air-quality-service] [           main] com.zaxxer.hikari.HikariDataSource       : HikariPool-1 - Starting...
2025-12-04T13:33:09.732+01:00  INFO 141859 --- [air-quality-service] [           main] com.zaxxer.hikari.pool.HikariPool        : HikariPool-1 - Added connection com.mysql.cj.jdbc.ConnectionImpl@29532e91
2025-12-04T13:33:09.733+01:00  INFO 141859 --- [air-quality-service] [           main] com.zaxxer.hikari.HikariDataSource       : HikariPool-1 - Start completed.
2025-12-04T13:33:10.265+01:00  WARN 141859 --- [air-quality-service] [           main] org.hibernate.orm.deprecation            : HHH90000025: MySQLDialect does not need to be specified explicitly using 'hibernate.dialect' (remove the property setting and it will be selected by default)
2025-12-04T13:33:10.476+01:00  INFO 141859 --- [air-quality-service] [           main] org.hibernate.orm.connections.pooling    : HHH10001005: Database info:
	Database JDBC URL [Connecting through datasource 'HikariDataSource (HikariPool-1)']
	Database driver: undefined/unknown
	Database version: 8.0.44
	Autocommit mode: undefined/unknown
	Isolation level: undefined/unknown
	Minimum pool size: undefined/unknown
	Maximum pool size: undefined/unknown
2025-12-04T13:33:11.947+01:00  INFO 141859 --- [air-quality-service] [           main] o.h.e.t.j.p.i.JtaPlatformInitiator       : HHH000489: No JTA platform available (set 'hibernate.transaction.jta.platform' to enable JTA platform integration)
2025-12-04T13:33:11.950+01:00  INFO 141859 --- [air-quality-service] [           main] j.LocalContainerEntityManagerFactoryBean : Initialized JPA EntityManagerFactory for persistence unit 'default'
2025-12-04T13:33:14.565+01:00  WARN 141859 --- [air-quality-service] [           main] JpaBaseConfiguration$JpaWebConfiguration : spring.jpa.open-in-view is enabled by default. Therefore, database queries may be performed during view rendering. Explicitly configure spring.jpa.open-in-view to disable this warning
2025-12-04T13:33:24.729+01:00  INFO 141859 --- [air-quality-service] [           main] o.s.b.a.e.web.EndpointLinksResolver      : Exposing 1 endpoint beneath base path '/actuator'
2025-12-04T13:33:24.888+01:00  WARN 141859 --- [air-quality-service] [           main] ConfigServletWebServerApplicationContext : Exception encountered during context initialization - cancelling refresh attempt: org.springframework.context.ApplicationContextException: Failed to start bean 'webServerStartStop'
2025-12-04T13:33:24.890+01:00  INFO 141859 --- [air-quality-service] [           main] j.LocalContainerEntityManagerFactoryBean : Closing JPA EntityManagerFactory for persistence unit 'default'
2025-12-04T13:33:24.933+01:00  INFO 141859 --- [air-quality-service] [           main] com.zaxxer.hikari.HikariDataSource       : HikariPool-1 - Shutdown initiated...
2025-12-04T13:33:24.981+01:00  INFO 141859 --- [air-quality-service] [           main] com.zaxxer.hikari.HikariDataSource       : HikariPool-1 - Shutdown completed.
2025-12-04T13:33:25.317+01:00  INFO 141859 --- [air-quality-service] [           main] .s.b.a.l.ConditionEvaluationReportLogger : 

Error starting ApplicationContext. To display the condition evaluation report re-run your application with 'debug' enabled.
2025-12-04T13:33:25.690+01:00 ERROR 141859 --- [air-quality-service] [           main] o.s.b.d.LoggingFailureAnalysisReporter   : 

***************************
APPLICATION FAILED TO START
***************************

Description:

Web server failed to start. Port 8081 was already in use.

Action:

Identify and stop the process that's listening on port 8081 or configure this application to listen on another port.

