
  .   ____          _            __ _ _
 /\\ / ___'_ __ _ _(_)_ __  __ _ \ \ \ \
( ( )\___ | '_ | '_| | '_ \/ _` | \ \ \ \
 \\/  ___)| |_)| | | | | || (_| |  ) ) ) )
  '  |____| .__|_| |_|_| |_\__, | / / / /
 =========|_|==============|___/=/_/_/_/

 :: Spring Boot ::                (v3.4.0)

2025-12-04T13:32:35.409+01:00  INFO 141860 --- [emergency-service] [           main] c.s.e.EmergencyServiceApplication        : Starting EmergencyServiceApplication v0.0.1-SNAPSHOT using Java 25 with PID 141860 (/mnt/data2/projet-soc/emergency-service/target/emergency-service-0.0.1-SNAPSHOT.jar started by mohamed in /mnt/data2/projet-soc)
2025-12-04T13:32:35.411+01:00  INFO 141860 --- [emergency-service] [           main] c.s.e.EmergencyServiceApplication        : No active profile set, falling back to 1 default profile: "default"
2025-12-04T13:32:42.180+01:00  INFO 141860 --- [emergency-service] [           main] .s.d.r.c.RepositoryConfigurationDelegate : Bootstrapping Spring Data JPA repositories in DEFAULT mode.
2025-12-04T13:32:42.463+01:00  INFO 141860 --- [emergency-service] [           main] .s.d.r.c.RepositoryConfigurationDelegate : Finished Spring Data repository scanning in 165 ms. Found 2 JPA repository interfaces.
WARNING: A restricted method in java.lang.System has been called
WARNING: java.lang.System::load has been called by org.apache.tomcat.jni.Library in an unnamed module (jar:nested:/mnt/data2/projet-soc/emergency-service/target/emergency-service-0.0.1-SNAPSHOT.jar/!BOOT-INF/lib/tomcat-embed-core-10.1.33.jar!/)
WARNING: Use --enable-native-access=ALL-UNNAMED to avoid a warning for callers in this module
WARNING: Restricted methods will be blocked in a future release unless native access is enabled

2025-12-04T13:32:44.478+01:00  INFO 141860 --- [emergency-service] [           main] o.s.b.w.embedded.tomcat.TomcatWebServer  : Tomcat initialized with port 8082 (http)
2025-12-04T13:32:44.518+01:00  INFO 141860 --- [emergency-service] [           main] o.apache.catalina.core.StandardService   : Starting service [Tomcat]
2025-12-04T13:32:44.518+01:00  INFO 141860 --- [emergency-service] [           main] o.apache.catalina.core.StandardEngine    : Starting Servlet engine: [Apache Tomcat/10.1.33]
2025-12-04T13:32:44.595+01:00  INFO 141860 --- [emergency-service] [           main] o.a.c.c.C.[Tomcat].[localhost].[/]       : Initializing Spring embedded WebApplicationContext
2025-12-04T13:32:44.595+01:00  INFO 141860 --- [emergency-service] [           main] w.s.c.ServletWebServerApplicationContext : Root WebApplicationContext: initialization completed in 8448 ms
2025-12-04T13:32:46.196+01:00  INFO 141860 --- [emergency-service] [           main] o.hibernate.jpa.internal.util.LogHelper  : HHH000204: Processing PersistenceUnitInfo [name: default]
2025-12-04T13:32:46.932+01:00  INFO 141860 --- [emergency-service] [           main] org.hibernate.Version                    : HHH000412: Hibernate ORM core version 6.6.2.Final
2025-12-04T13:32:46.998+01:00  INFO 141860 --- [emergency-service] [           main] o.h.c.internal.RegionFactoryInitiator    : HHH000026: Second-level cache disabled
2025-12-04T13:32:51.226+01:00  INFO 141860 --- [emergency-service] [           main] o.s.o.j.p.SpringPersistenceUnitInfo      : No LoadTimeWeaver setup: ignoring JPA class transformer
2025-12-04T13:32:52.742+01:00  INFO 141860 --- [emergency-service] [           main] com.zaxxer.hikari.HikariDataSource       : HikariPool-1 - Starting...
2025-12-04T13:32:58.493+01:00  INFO 141860 --- [emergency-service] [           main] com.zaxxer.hikari.pool.HikariPool        : HikariPool-1 - Added connection com.mysql.cj.jdbc.ConnectionImpl@96be1ae
2025-12-04T13:32:58.945+01:00  INFO 141860 --- [emergency-service] [           main] com.zaxxer.hikari.HikariDataSource       : HikariPool-1 - Start completed.
2025-12-04T13:32:59.483+01:00  WARN 141860 --- [emergency-service] [           main] org.hibernate.orm.deprecation            : HHH90000025: MySQLDialect does not need to be specified explicitly using 'hibernate.dialect' (remove the property setting and it will be selected by default)
2025-12-04T13:32:59.509+01:00  INFO 141860 --- [emergency-service] [           main] org.hibernate.orm.connections.pooling    : HHH10001005: Database info:
	Database JDBC URL [Connecting through datasource 'HikariDataSource (HikariPool-1)']
	Database driver: undefined/unknown
	Database version: 8.0.44
	Autocommit mode: undefined/unknown
	Isolation level: undefined/unknown
	Minimum pool size: undefined/unknown
	Maximum pool size: undefined/unknown
2025-12-04T13:33:02.621+01:00  INFO 141860 --- [emergency-service] [           main] o.h.e.t.j.p.i.JtaPlatformInitiator       : HHH000489: No JTA platform available (set 'hibernate.transaction.jta.platform' to enable JTA platform integration)
2025-12-04T13:33:02.682+01:00  INFO 141860 --- [emergency-service] [           main] j.LocalContainerEntityManagerFactoryBean : Initialized JPA EntityManagerFactory for persistence unit 'default'
2025-12-04T13:33:05.651+01:00  INFO 141860 --- [emergency-service] [           main] o.s.d.j.r.query.QueryEnhancerFactory     : Hibernate is in classpath; If applicable, HQL parser will be used.
2025-12-04T13:33:06.447+01:00  WARN 141860 --- [emergency-service] [           main] JpaBaseConfiguration$JpaWebConfiguration : spring.jpa.open-in-view is enabled by default. Therefore, database queries may be performed during view rendering. Explicitly configure spring.jpa.open-in-view to disable this warning
2025-12-04T13:33:11.777+01:00  INFO 141860 --- [emergency-service] [           main] g.s.a.GrpcServerFactoryAutoConfiguration : Detected grpc-netty-shaded: Creating ShadedNettyGrpcServerFactory
2025-12-04T13:33:14.149+01:00  INFO 141860 --- [emergency-service] [           main] o.s.b.a.e.web.EndpointLinksResolver      : Exposing 1 endpoint beneath base path '/actuator'
2025-12-04T13:33:14.854+01:00  WARN 141860 --- [emergency-service] [           main] ConfigServletWebServerApplicationContext : Exception encountered during context initialization - cancelling refresh attempt: org.springframework.context.ApplicationContextException: Failed to start bean 'webServerStartStop'
2025-12-04T13:33:14.856+01:00  INFO 141860 --- [emergency-service] [           main] j.LocalContainerEntityManagerFactoryBean : Closing JPA EntityManagerFactory for persistence unit 'default'
2025-12-04T13:33:14.857+01:00  INFO 141860 --- [emergency-service] [           main] com.zaxxer.hikari.HikariDataSource       : HikariPool-1 - Shutdown initiated...
2025-12-04T13:33:14.883+01:00  INFO 141860 --- [emergency-service] [           main] com.zaxxer.hikari.HikariDataSource       : HikariPool-1 - Shutdown completed.
2025-12-04T13:33:14.938+01:00  INFO 141860 --- [emergency-service] [           main] .s.b.a.l.ConditionEvaluationReportLogger : 

Error starting ApplicationContext. To display the condition evaluation report re-run your application with 'debug' enabled.
2025-12-04T13:33:15.729+01:00 ERROR 141860 --- [emergency-service] [           main] o.s.b.d.LoggingFailureAnalysisReporter   : 

***************************
APPLICATION FAILED TO START
***************************

Description:

Web server failed to start. Port 8082 was already in use.

Action:

Identify and stop the process that's listening on port 8082 or configure this application to listen on another port.

