
  .   ____          _            __ _ _
 /\\ / ___'_ __ _ _(_)_ __  __ _ \ \ \ \
( ( )\___ | '_ | '_| | '_ \/ _` | \ \ \ \
 \\/  ___)| |_)| | | | | || (_| |  ) ) ) )
  '  |____| .__|_| |_|_| |_\__, | / / / /
 =========|_|==============|___/=/_/_/_/

 :: Spring Boot ::                (v3.4.0)

2025-12-08T09:54:15.621+01:00  INFO 69410 --- [emergency-gateway] [           main] c.s.e.EmergencyGatewayApplication        : Starting EmergencyGatewayApplication v0.0.1-SNAPSHOT using Java 25 with PID 69410 (/mnt/data2/projet-soc/emergency-gateway/target/emergency-gateway-0.0.1-SNAPSHOT.jar started by mohamed in /mnt/data2/projet-soc)
2025-12-08T09:54:15.623+01:00  INFO 69410 --- [emergency-gateway] [           main] c.s.e.EmergencyGatewayApplication        : No active profile set, falling back to 1 default profile: "default"
WARNING: A restricted method in java.lang.System has been called
WARNING: java.lang.System::load has been called by org.apache.tomcat.jni.Library in an unnamed module (jar:nested:/mnt/data2/projet-soc/emergency-gateway/target/emergency-gateway-0.0.1-SNAPSHOT.jar/!BOOT-INF/lib/tomcat-embed-core-10.1.33.jar!/)
WARNING: Use --enable-native-access=ALL-UNNAMED to avoid a warning for callers in this module
WARNING: Restricted methods will be blocked in a future release unless native access is enabled

2025-12-08T09:54:16.343+01:00  INFO 69410 --- [emergency-gateway] [           main] o.s.b.w.embedded.tomcat.TomcatWebServer  : Tomcat initialized with port 8083 (http)
2025-12-08T09:54:16.353+01:00  INFO 69410 --- [emergency-gateway] [           main] o.apache.catalina.core.StandardService   : Starting service [Tomcat]
2025-12-08T09:54:16.353+01:00  INFO 69410 --- [emergency-gateway] [           main] o.apache.catalina.core.StandardEngine    : Starting Servlet engine: [Apache Tomcat/10.1.33]
2025-12-08T09:54:16.375+01:00  INFO 69410 --- [emergency-gateway] [           main] o.a.c.c.C.[Tomcat].[localhost].[/]       : Initializing Spring embedded WebApplicationContext
2025-12-08T09:54:16.376+01:00  INFO 69410 --- [emergency-gateway] [           main] w.s.c.ServletWebServerApplicationContext : Root WebApplicationContext: initialization completed in 712 ms
2025-12-08T09:54:16.468+01:00  INFO 69410 --- [emergency-gateway] [           main] n.d.b.g.c.a.GrpcClientAutoConfiguration  : Detected grpc-netty-shaded: Creating ShadedNettyChannelFactory + InProcessChannelFactory
WARNING: A terminally deprecated method in sun.misc.Unsafe has been called
WARNING: sun.misc.Unsafe::objectFieldOffset has been called by io.grpc.netty.shaded.io.netty.util.internal.PlatformDependent0$4 (jar:nested:/mnt/data2/projet-soc/emergency-gateway/target/emergency-gateway-0.0.1-SNAPSHOT.jar/!BOOT-INF/lib/grpc-netty-shaded-1.63.0.jar!/)
WARNING: Please consider reporting this to the maintainers of class io.grpc.netty.shaded.io.netty.util.internal.PlatformDependent0$4
WARNING: sun.misc.Unsafe::objectFieldOffset will be removed in a future release
2025-12-08T09:54:16.867+01:00  INFO 69410 --- [emergency-gateway] [           main] o.s.b.w.embedded.tomcat.TomcatWebServer  : Tomcat started on port 8083 (http) with context path '/'
2025-12-08T09:54:16.880+01:00  INFO 69410 --- [emergency-gateway] [           main] c.s.e.EmergencyGatewayApplication        : Started EmergencyGatewayApplication in 1.564 seconds (process running for 1.89)
