
  .   ____          _            __ _ _
 /\\ / ___'_ __ _ _(_)_ __  __ _ \ \ \ \
( ( )\___ | '_ | '_| | '_ \/ _` | \ \ \ \
 \\/  ___)| |_)| | | | | || (_| |  ) ) ) )
  '  |____| .__|_| |_|_| |_\__, | / / / /
 =========|_|==============|___/=/_/_/_/

 :: Spring Boot ::                (v3.4.0)

2025-12-04T13:32:35.544+01:00  INFO 141858 --- [mobility-serviceserver.port=8080] [           main] c.s.m.MobilityServiceApplication         : Starting MobilityServiceApplication v0.0.1-SNAPSHOT using Java 25 with PID 141858 (/mnt/data2/projet-soc/mobility-service/target/mobility-service-0.0.1-SNAPSHOT.jar started by mohamed in /mnt/data2/projet-soc)
2025-12-04T13:32:35.546+01:00  INFO 141858 --- [mobility-serviceserver.port=8080] [           main] c.s.m.MobilityServiceApplication         : No active profile set, falling back to 1 default profile: "default"
2025-12-04T13:32:44.184+01:00  INFO 141858 --- [mobility-serviceserver.port=8080] [           main] .s.d.r.c.RepositoryConfigurationDelegate : Bootstrapping Spring Data JPA repositories in DEFAULT mode.
2025-12-04T13:32:44.386+01:00  INFO 141858 --- [mobility-serviceserver.port=8080] [           main] .s.d.r.c.RepositoryConfigurationDelegate : Finished Spring Data repository scanning in 126 ms. Found 1 JPA repository interface.
WARNING: A restricted method in java.lang.System has been called
WARNING: java.lang.System::load has been called by org.apache.tomcat.jni.Library in an unnamed module (jar:nested:/mnt/data2/projet-soc/mobility-service/target/mobility-service-0.0.1-SNAPSHOT.jar/!BOOT-INF/lib/tomcat-embed-core-10.1.33.jar!/)
WARNING: Use --enable-native-access=ALL-UNNAMED to avoid a warning for callers in this module
WARNING: Restricted methods will be blocked in a future release unless native access is enabled

2025-12-04T13:32:47.850+01:00  INFO 141858 --- [mobility-serviceserver.port=8080] [           main] o.s.b.w.embedded.tomcat.TomcatWebServer  : Tomcat initialized with port 8080 (http)
2025-12-04T13:32:47.891+01:00  INFO 141858 --- [mobility-serviceserver.port=8080] [           main] o.apache.catalina.core.StandardService   : Starting service [Tomcat]
2025-12-04T13:32:47.892+01:00  INFO 141858 --- [mobility-serviceserver.port=8080] [           main] o.apache.catalina.core.StandardEngine    : Starting Servlet engine: [Apache Tomcat/10.1.33]
2025-12-04T13:32:47.916+01:00  INFO 141858 --- [mobility-serviceserver.port=8080] [           main] o.a.c.c.C.[Tomcat].[localhost].[/]       : Initializing Spring embedded WebApplicationContext
2025-12-04T13:32:47.917+01:00  INFO 141858 --- [mobility-serviceserver.port=8080] [           main] w.s.c.ServletWebServerApplicationContext : Root WebApplicationContext: initialization completed in 11861 ms
2025-12-04T13:32:53.525+01:00  INFO 141858 --- [mobility-serviceserver.port=8080] [           main] o.hibernate.jpa.internal.util.LogHelper  : HHH000204: Processing PersistenceUnitInfo [name: default]
2025-12-04T13:32:56.309+01:00  INFO 141858 --- [mobility-serviceserver.port=8080] [           main] org.hibernate.Version                    : HHH000412: Hibernate ORM core version 6.6.2.Final
2025-12-04T13:32:58.325+01:00  INFO 141858 --- [mobility-serviceserver.port=8080] [           main] o.h.c.internal.RegionFactoryInitiator    : HHH000026: Second-level cache disabled
2025-12-04T13:33:02.494+01:00  INFO 141858 --- [mobility-serviceserver.port=8080] [           main] o.s.o.j.p.SpringPersistenceUnitInfo      : No LoadTimeWeaver setup: ignoring JPA class transformer
2025-12-04T13:33:02.678+01:00  INFO 141858 --- [mobility-serviceserver.port=8080] [           main] com.zaxxer.hikari.HikariDataSource       : HikariPool-1 - Starting...
2025-12-04T13:33:05.665+01:00  INFO 141858 --- [mobility-serviceserver.port=8080] [           main] com.zaxxer.hikari.pool.HikariPool        : HikariPool-1 - Added connection com.mysql.cj.jdbc.ConnectionImpl@40013051
2025-12-04T13:33:05.703+01:00  INFO 141858 --- [mobility-serviceserver.port=8080] [           main] com.zaxxer.hikari.HikariDataSource       : HikariPool-1 - Start completed.
2025-12-04T13:33:06.210+01:00  WARN 141858 --- [mobility-serviceserver.port=8080] [           main] org.hibernate.orm.deprecation            : HHH90000025: MySQLDialect does not need to be specified explicitly using 'hibernate.dialect' (remove the property setting and it will be selected by default)
2025-12-04T13:33:06.277+01:00  INFO 141858 --- [mobility-serviceserver.port=8080] [           main] org.hibernate.orm.connections.pooling    : HHH10001005: Database info:
	Database JDBC URL [Connecting through datasource 'HikariDataSource (HikariPool-1)']
	Database driver: undefined/unknown
	Database version: 8.0.44
	Autocommit mode: undefined/unknown
	Isolation level: undefined/unknown
	Minimum pool size: undefined/unknown
	Maximum pool size: undefined/unknown
2025-12-04T13:33:09.208+01:00  INFO 141858 --- [mobility-serviceserver.port=8080] [           main] o.h.e.t.j.p.i.JtaPlatformInitiator       : HHH000489: No JTA platform available (set 'hibernate.transaction.jta.platform' to enable JTA platform integration)
2025-12-04T13:33:09.239+01:00  INFO 141858 --- [mobility-serviceserver.port=8080] [           main] j.LocalContainerEntityManagerFactoryBean : Initialized JPA EntityManagerFactory for persistence unit 'default'
2025-12-04T13:33:12.010+01:00  WARN 141858 --- [mobility-serviceserver.port=8080] [           main] JpaBaseConfiguration$JpaWebConfiguration : spring.jpa.open-in-view is enabled by default. Therefore, database queries may be performed during view rendering. Explicitly configure spring.jpa.open-in-view to disable this warning
2025-12-04T13:33:20.001+01:00  INFO 141858 --- [mobility-serviceserver.port=8080] [           main] o.s.b.a.e.web.EndpointLinksResolver      : Exposing 1 endpoint beneath base path '/actuator'
2025-12-04T13:33:20.295+01:00  WARN 141858 --- [mobility-serviceserver.port=8080] [           main] ConfigServletWebServerApplicationContext : Exception encountered during context initialization - cancelling refresh attempt: org.springframework.context.ApplicationContextException: Failed to start bean 'webServerStartStop'
2025-12-04T13:33:20.297+01:00  INFO 141858 --- [mobility-serviceserver.port=8080] [           main] j.LocalContainerEntityManagerFactoryBean : Closing JPA EntityManagerFactory for persistence unit 'default'
2025-12-04T13:33:20.355+01:00  INFO 141858 --- [mobility-serviceserver.port=8080] [           main] com.zaxxer.hikari.HikariDataSource       : HikariPool-1 - Shutdown initiated...
2025-12-04T13:33:20.361+01:00  INFO 141858 --- [mobility-serviceserver.port=8080] [           main] com.zaxxer.hikari.HikariDataSource       : HikariPool-1 - Shutdown completed.
2025-12-04T13:33:21.491+01:00  INFO 141858 --- [mobility-serviceserver.port=8080] [           main] .s.b.a.l.ConditionEvaluationReportLogger : 

Error starting ApplicationContext. To display the condition evaluation report re-run your application with 'debug' enabled.
2025-12-04T13:33:21.670+01:00 ERROR 141858 --- [mobility-serviceserver.port=8080] [           main] o.s.b.d.LoggingFailureAnalysisReporter   : 

***************************
APPLICATION FAILED TO START
***************************

Description:

Web server failed to start. Port 8080 was already in use.

Action:

Identify and stop the process that's listening on port 8080 or configure this application to listen on another port.

